TN:
SF:src/App.js
FN:7,App
FN:52,(anonymous_1)
FN:57,(anonymous_2)
FN:65,(anonymous_3)
FN:74,(anonymous_4)
FN:92,(anonymous_5)
FN:100,PointDetailModal
FN:127,CreatePointModal
FN:164,(anonymous_8)
FN:166,(anonymous_9)
FN:167,(anonymous_10)
FN:171,(anonymous_11)
FN:179,(anonymous_12)
FN:184,(anonymous_13)
FNF:14
FNH:3
FNDA:1,App
FNDA:0,(anonymous_1)
FNDA:0,(anonymous_2)
FNDA:0,(anonymous_3)
FNDA:0,(anonymous_4)
FNDA:0,(anonymous_5)
FNDA:1,PointDetailModal
FNDA:1,CreatePointModal
FNDA:0,(anonymous_8)
FNDA:0,(anonymous_9)
FNDA:0,(anonymous_10)
FNDA:0,(anonymous_11)
FNDA:0,(anonymous_12)
FNDA:0,(anonymous_13)
DA:9,1
DA:10,1
DA:11,1
DA:12,1
DA:13,1
DA:15,1
DA:49,1
DA:50,1
DA:52,1
DA:57,1
DA:58,0
DA:59,0
DA:60,0
DA:61,0
DA:65,1
DA:66,0
DA:67,0
DA:68,0
DA:74,1
DA:75,0
DA:77,0
DA:87,0
DA:88,0
DA:89,0
DA:92,1
DA:93,0
DA:94,0
DA:95,0
DA:96,0
DA:101,1
DA:102,1
DA:128,1
DA:157,1
DA:166,0
DA:167,0
DA:171,0
DA:179,0
DA:184,0
LF:38
LH:17
BRF:0
BRH:0
end_of_record
TN:
SF:src/index.js
FNF:0
FNH:0
DA:8,0
DA:18,0
LF:2
LH:0
BRF:0
BRH:0
end_of_record
TN:
SF:src/reportWebVitals.js
FN:1,(anonymous_0)
FN:3,(anonymous_1)
FNF:2
FNH:0
FNDA:0,(anonymous_0)
FNDA:0,(anonymous_1)
DA:1,0
DA:2,0
DA:3,0
DA:4,0
DA:5,0
DA:6,0
DA:7,0
DA:8,0
LF:8
LH:0
BRDA:2,0,0,0
BRDA:2,0,1,0
BRDA:2,1,0,0
BRDA:2,1,1,0
BRF:4
BRH:0
end_of_record
